This file contains any messages produced by compilers while
running configure, to aid debugging if configure makes a mistake.

It was created by libtomoe-gtk configure 0.1.0, which was
generated by GNU Autoconf 2.59.  Invocation command line was

  $ ./configure --build=i686-redhat-linux-gnu --host=i686-redhat-linux-gnu --target=i386-redhat-linux-gnu --program-prefix= --prefix=/usr --exec-prefix=/usr --bindir=/usr/bin --sbindir=/usr/sbin --sysconfdir=/etc --datadir=/usr/share --includedir=/usr/include --libdir=/usr/lib --libexecdir=/usr/libexec --localstatedir=/var --sharedstatedir=/usr/com --mandir=/usr/share/man --infodir=/usr/share/info --disable-static

## --------- ##
## Platform. ##
## --------- ##

hostname = windcloud.brisbane.redhat.com
uname -m = i686
uname -r = 2.6.15-1.2054_FC5
uname -s = Linux
uname -v = #1 Tue Mar 14 15:48:33 EST 2006

/usr/bin/uname -p = unknown
/bin/uname -X     = unknown

/bin/arch              = i686
/usr/bin/arch -k       = unknown
/usr/convex/getsysinfo = unknown
hostinfo               = unknown
/bin/machine           = unknown
/usr/bin/oslevel       = unknown
/bin/universe          = unknown

PATH: /usr/kerberos/bin
PATH: /usr/local/bin
PATH: /usr/bin
PATH: /bin
PATH: /usr/X11R6/bin
PATH: /home/kelvin/bin


## ----------- ##
## Core tests. ##
## ----------- ##

configure:1577: checking for a BSD-compatible install
configure:1632: result: /usr/bin/install -c
configure:1643: checking whether build environment is sane
configure:1686: result: yes
configure:1719: checking for gawk
configure:1735: found /usr/bin/gawk
configure:1745: result: gawk
configure:1755: checking whether make sets $(MAKE)
configure:1775: result: yes
configure:2010: checking build system type
configure:2028: result: i686-redhat-linux-gnu
configure:2036: checking host system type
configure:2050: result: i686-redhat-linux-gnu
configure:2070: checking for style of include used by make
configure:2098: result: GNU
configure:2131: checking for i686-redhat-linux-gnu-gcc
configure:2160: result: no
configure:2169: checking for gcc
configure:2185: found /usr/bin/gcc
configure:2195: result: gcc
configure:2439: checking for C compiler version
configure:2442: gcc --version </dev/null >&5
gcc (GCC) 4.1.1 20060525 (Red Hat 4.1.1-1)
Copyright (C) 2006 Free Software Foundation, Inc.
This is free software; see the source for copying conditions.  There is NO
warranty; not even for MERCHANTABILITY or FITNESS FOR A PARTICULAR PURPOSE.

configure:2445: $? = 0
configure:2447: gcc -v </dev/null >&5
Using built-in specs.
Target: i386-redhat-linux
Configured with: ../configure --prefix=/usr --mandir=/usr/share/man --infodir=/usr/share/info --enable-shared --enable-threads=posix --enable-checking=release --with-system-zlib --enable-__cxa_atexit --disable-libunwind-exceptions --enable-libgcj-multifile --enable-languages=c,c++,objc,obj-c++,java,fortran,ada --enable-java-awt=gtk --disable-dssi --with-java-home=/usr/lib/jvm/java-1.4.2-gcj-1.4.2.0/jre --with-cpu=generic --host=i386-redhat-linux
Thread model: posix
gcc version 4.1.1 20060525 (Red Hat 4.1.1-1)
configure:2450: $? = 0
configure:2452: gcc -V </dev/null >&5
gcc: '-V' option must have argument
configure:2455: $? = 1
configure:2478: checking for C compiler default output file name
configure:2481: gcc -O2 -g -pipe -Wall -Wp,-D_FORTIFY_SOURCE=2 -fexceptions -fstack-protector --param=ssp-buffer-size=4 -m32 -march=i386 -mtune=generic -fasynchronous-unwind-tables   conftest.c  >&5
configure:2484: $? = 0
configure:2530: result: a.out
configure:2535: checking whether the C compiler works
configure:2541: ./a.out
configure:2544: $? = 0
configure:2561: result: yes
configure:2568: checking whether we are cross compiling
configure:2570: result: no
configure:2573: checking for suffix of executables
configure:2575: gcc -o conftest -O2 -g -pipe -Wall -Wp,-D_FORTIFY_SOURCE=2 -fexceptions -fstack-protector --param=ssp-buffer-size=4 -m32 -march=i386 -mtune=generic -fasynchronous-unwind-tables   conftest.c  >&5
configure:2578: $? = 0
configure:2603: result: 
configure:2609: checking for suffix of object files
configure:2630: gcc -c -O2 -g -pipe -Wall -Wp,-D_FORTIFY_SOURCE=2 -fexceptions -fstack-protector --param=ssp-buffer-size=4 -m32 -march=i386 -mtune=generic -fasynchronous-unwind-tables  conftest.c >&5
configure:2633: $? = 0
configure:2655: result: o
configure:2659: checking whether we are using the GNU C compiler
configure:2683: gcc -c -O2 -g -pipe -Wall -Wp,-D_FORTIFY_SOURCE=2 -fexceptions -fstack-protector --param=ssp-buffer-size=4 -m32 -march=i386 -mtune=generic -fasynchronous-unwind-tables  conftest.c >&5
configure:2689: $? = 0
configure:2692: test -z 			 || test ! -s conftest.err
configure:2695: $? = 0
configure:2698: test -s conftest.o
configure:2701: $? = 0
configure:2714: result: yes
configure:2720: checking whether gcc accepts -g
configure:2741: gcc -c -g  conftest.c >&5
configure:2747: $? = 0
configure:2750: test -z 			 || test ! -s conftest.err
configure:2753: $? = 0
configure:2756: test -s conftest.o
configure:2759: $? = 0
configure:2770: result: yes
configure:2787: checking for gcc option to accept ANSI C
configure:2857: gcc  -c -O2 -g -pipe -Wall -Wp,-D_FORTIFY_SOURCE=2 -fexceptions -fstack-protector --param=ssp-buffer-size=4 -m32 -march=i386 -mtune=generic -fasynchronous-unwind-tables  conftest.c >&5
configure:2863: $? = 0
configure:2866: test -z 			 || test ! -s conftest.err
configure:2869: $? = 0
configure:2872: test -s conftest.o
configure:2875: $? = 0
configure:2893: result: none needed
configure:2911: gcc -c -O2 -g -pipe -Wall -Wp,-D_FORTIFY_SOURCE=2 -fexceptions -fstack-protector --param=ssp-buffer-size=4 -m32 -march=i386 -mtune=generic -fasynchronous-unwind-tables  conftest.c >&5
conftest.c:2: error: expected '=', ',', ';', 'asm' or '__attribute__' before 'me'
configure:2917: $? = 1
configure: failed program was:
| #ifndef __cplusplus
|   choke me
| #endif
configure:3049: checking dependency style of gcc
configure:3132: result: gcc3
configure:3149: checking for a sed that does not truncate output
configure:3203: result: /bin/sed
configure:3206: checking for egrep
configure:3216: result: grep -E
configure:3232: checking for ld used by gcc
configure:3299: result: /usr/bin/ld
configure:3308: checking if the linker (/usr/bin/ld) is GNU ld
configure:3323: result: yes
configure:3328: checking for /usr/bin/ld option to reload object files
configure:3335: result: -r
configure:3353: checking for BSD-compatible nm
configure:3395: result: nm
configure:3399: checking whether ln -s works
configure:3403: result: yes
configure:3410: checking how to recognise dependent libraries
configure:3582: result: pass_all
configure:3795: checking how to run the C preprocessor
configure:3830: gcc -E  conftest.c
configure:3836: $? = 0
configure:3868: gcc -E  conftest.c
conftest.c:9:28: error: ac_nonexistent.h: No such file or directory
configure:3874: $? = 1
configure: failed program was:
| /* confdefs.h.  */
| 
| #define PACKAGE_NAME "libtomoe-gtk"
| #define PACKAGE_TARNAME "libtomoe-gtk"
| #define PACKAGE_VERSION "0.1.0"
| #define PACKAGE_STRING "libtomoe-gtk 0.1.0"
| #define PACKAGE_BUGREPORT "daih@users.sourceforge.jp"
| /* end confdefs.h.  */
| #include <ac_nonexistent.h>
configure:3913: result: gcc -E
configure:3937: gcc -E  conftest.c
configure:3943: $? = 0
configure:3975: gcc -E  conftest.c
conftest.c:9:28: error: ac_nonexistent.h: No such file or directory
configure:3981: $? = 1
configure: failed program was:
| /* confdefs.h.  */
| 
| #define PACKAGE_NAME "libtomoe-gtk"
| #define PACKAGE_TARNAME "libtomoe-gtk"
| #define PACKAGE_VERSION "0.1.0"
| #define PACKAGE_STRING "libtomoe-gtk 0.1.0"
| #define PACKAGE_BUGREPORT "daih@users.sourceforge.jp"
| /* end confdefs.h.  */
| #include <ac_nonexistent.h>
configure:4025: checking for ANSI C header files
configure:4050: gcc -c -O2 -g -pipe -Wall -Wp,-D_FORTIFY_SOURCE=2 -fexceptions -fstack-protector --param=ssp-buffer-size=4 -m32 -march=i386 -mtune=generic -fasynchronous-unwind-tables  conftest.c >&5
configure:4056: $? = 0
configure:4059: test -z 			 || test ! -s conftest.err
configure:4062: $? = 0
configure:4065: test -s conftest.o
configure:4068: $? = 0
configure:4157: gcc -o conftest -O2 -g -pipe -Wall -Wp,-D_FORTIFY_SOURCE=2 -fexceptions -fstack-protector --param=ssp-buffer-size=4 -m32 -march=i386 -mtune=generic -fasynchronous-unwind-tables   conftest.c  >&5
conftest.c: In function 'main':
conftest.c:26: warning: implicit declaration of function 'exit'
conftest.c:26: warning: incompatible implicit declaration of built-in function 'exit'
configure:4160: $? = 0
configure:4162: ./conftest
configure:4165: $? = 0
configure:4180: result: yes
configure:4204: checking for sys/types.h
configure:4220: gcc -c -O2 -g -pipe -Wall -Wp,-D_FORTIFY_SOURCE=2 -fexceptions -fstack-protector --param=ssp-buffer-size=4 -m32 -march=i386 -mtune=generic -fasynchronous-unwind-tables  conftest.c >&5
configure:4226: $? = 0
configure:4229: test -z 			 || test ! -s conftest.err
configure:4232: $? = 0
configure:4235: test -s conftest.o
configure:4238: $? = 0
configure:4249: result: yes
configure:4204: checking for sys/stat.h
configure:4220: gcc -c -O2 -g -pipe -Wall -Wp,-D_FORTIFY_SOURCE=2 -fexceptions -fstack-protector --param=ssp-buffer-size=4 -m32 -march=i386 -mtune=generic -fasynchronous-unwind-tables  conftest.c >&5
configure:4226: $? = 0
configure:4229: test -z 			 || test ! -s conftest.err
configure:4232: $? = 0
configure:4235: test -s conftest.o
configure:4238: $? = 0
configure:4249: result: yes
configure:4204: checking for stdlib.h
configure:4220: gcc -c -O2 -g -pipe -Wall -Wp,-D_FORTIFY_SOURCE=2 -fexceptions -fstack-protector --param=ssp-buffer-size=4 -m32 -march=i386 -mtune=generic -fasynchronous-unwind-tables  conftest.c >&5
configure:4226: $? = 0
configure:4229: test -z 			 || test ! -s conftest.err
configure:4232: $? = 0
configure:4235: test -s conftest.o
configure:4238: $? = 0
configure:4249: result: yes
configure:4204: checking for string.h
configure:4220: gcc -c -O2 -g -pipe -Wall -Wp,-D_FORTIFY_SOURCE=2 -fexceptions -fstack-protector --param=ssp-buffer-size=4 -m32 -march=i386 -mtune=generic -fasynchronous-unwind-tables  conftest.c >&5
configure:4226: $? = 0
configure:4229: test -z 			 || test ! -s conftest.err
configure:4232: $? = 0
configure:4235: test -s conftest.o
configure:4238: $? = 0
configure:4249: result: yes
configure:4204: checking for memory.h
configure:4220: gcc -c -O2 -g -pipe -Wall -Wp,-D_FORTIFY_SOURCE=2 -fexceptions -fstack-protector --param=ssp-buffer-size=4 -m32 -march=i386 -mtune=generic -fasynchronous-unwind-tables  conftest.c >&5
configure:4226: $? = 0
configure:4229: test -z 			 || test ! -s conftest.err
configure:4232: $? = 0
configure:4235: test -s conftest.o
configure:4238: $? = 0
configure:4249: result: yes
configure:4204: checking for strings.h
configure:4220: gcc -c -O2 -g -pipe -Wall -Wp,-D_FORTIFY_SOURCE=2 -fexceptions -fstack-protector --param=ssp-buffer-size=4 -m32 -march=i386 -mtune=generic -fasynchronous-unwind-tables  conftest.c >&5
configure:4226: $? = 0
configure:4229: test -z 			 || test ! -s conftest.err
configure:4232: $? = 0
configure:4235: test -s conftest.o
configure:4238: $? = 0
configure:4249: result: yes
configure:4204: checking for inttypes.h
configure:4220: gcc -c -O2 -g -pipe -Wall -Wp,-D_FORTIFY_SOURCE=2 -fexceptions -fstack-protector --param=ssp-buffer-size=4 -m32 -march=i386 -mtune=generic -fasynchronous-unwind-tables  conftest.c >&5
configure:4226: $? = 0
configure:4229: test -z 			 || test ! -s conftest.err
configure:4232: $? = 0
configure:4235: test -s conftest.o
configure:4238: $? = 0
configure:4249: result: yes
configure:4204: checking for stdint.h
configure:4220: gcc -c -O2 -g -pipe -Wall -Wp,-D_FORTIFY_SOURCE=2 -fexceptions -fstack-protector --param=ssp-buffer-size=4 -m32 -march=i386 -mtune=generic -fasynchronous-unwind-tables  conftest.c >&5
configure:4226: $? = 0
configure:4229: test -z 			 || test ! -s conftest.err
configure:4232: $? = 0
configure:4235: test -s conftest.o
configure:4238: $? = 0
configure:4249: result: yes
configure:4204: checking for unistd.h
configure:4220: gcc -c -O2 -g -pipe -Wall -Wp,-D_FORTIFY_SOURCE=2 -fexceptions -fstack-protector --param=ssp-buffer-size=4 -m32 -march=i386 -mtune=generic -fasynchronous-unwind-tables  conftest.c >&5
configure:4226: $? = 0
configure:4229: test -z 			 || test ! -s conftest.err
configure:4232: $? = 0
configure:4235: test -s conftest.o
configure:4238: $? = 0
configure:4249: result: yes
configure:4275: checking dlfcn.h usability
configure:4287: gcc -c -O2 -g -pipe -Wall -Wp,-D_FORTIFY_SOURCE=2 -fexceptions -fstack-protector --param=ssp-buffer-size=4 -m32 -march=i386 -mtune=generic -fasynchronous-unwind-tables  conftest.c >&5
configure:4293: $? = 0
configure:4296: test -z 			 || test ! -s conftest.err
configure:4299: $? = 0
configure:4302: test -s conftest.o
configure:4305: $? = 0
configure:4315: result: yes
configure:4319: checking dlfcn.h presence
configure:4329: gcc -E  conftest.c
configure:4335: $? = 0
configure:4355: result: yes
configure:4390: checking for dlfcn.h
configure:4397: result: yes
configure:4420: checking for i686-redhat-linux-gnu-g++
configure:4449: result: no
configure:4420: checking for i686-redhat-linux-gnu-c++
configure:4449: result: no
configure:4420: checking for i686-redhat-linux-gnu-gpp
configure:4449: result: no
configure:4420: checking for i686-redhat-linux-gnu-aCC
configure:4449: result: no
configure:4420: checking for i686-redhat-linux-gnu-CC
configure:4449: result: no
configure:4420: checking for i686-redhat-linux-gnu-cxx
configure:4449: result: no
configure:4420: checking for i686-redhat-linux-gnu-cc++
configure:4449: result: no
configure:4420: checking for i686-redhat-linux-gnu-cl
configure:4449: result: no
configure:4420: checking for i686-redhat-linux-gnu-FCC
configure:4449: result: no
configure:4420: checking for i686-redhat-linux-gnu-KCC
configure:4449: result: no
configure:4420: checking for i686-redhat-linux-gnu-RCC
configure:4449: result: no
configure:4420: checking for i686-redhat-linux-gnu-xlC_r
configure:4449: result: no
configure:4420: checking for i686-redhat-linux-gnu-xlC
configure:4449: result: no
configure:4462: checking for g++
configure:4478: found /usr/bin/g++
configure:4488: result: g++
configure:4504: checking for C++ compiler version
configure:4507: g++ --version </dev/null >&5
g++ (GCC) 4.1.1 20060525 (Red Hat 4.1.1-1)
Copyright (C) 2006 Free Software Foundation, Inc.
This is free software; see the source for copying conditions.  There is NO
warranty; not even for MERCHANTABILITY or FITNESS FOR A PARTICULAR PURPOSE.

configure:4510: $? = 0
configure:4512: g++ -v </dev/null >&5
Using built-in specs.
Target: i386-redhat-linux
Configured with: ../configure --prefix=/usr --mandir=/usr/share/man --infodir=/usr/share/info --enable-shared --enable-threads=posix --enable-checking=release --with-system-zlib --enable-__cxa_atexit --disable-libunwind-exceptions --enable-libgcj-multifile --enable-languages=c,c++,objc,obj-c++,java,fortran,ada --enable-java-awt=gtk --disable-dssi --with-java-home=/usr/lib/jvm/java-1.4.2-gcj-1.4.2.0/jre --with-cpu=generic --host=i386-redhat-linux
Thread model: posix
gcc version 4.1.1 20060525 (Red Hat 4.1.1-1)
configure:4515: $? = 0
configure:4517: g++ -V </dev/null >&5
g++: '-V' option must have argument
configure:4520: $? = 1
configure:4523: checking whether we are using the GNU C++ compiler
configure:4547: g++ -c -O2 -g -pipe -Wall -Wp,-D_FORTIFY_SOURCE=2 -fexceptions -fstack-protector --param=ssp-buffer-size=4 -m32 -march=i386 -mtune=generic -fasynchronous-unwind-tables  conftest.cc >&5
configure:4553: $? = 0
configure:4556: test -z 			 || test ! -s conftest.err
configure:4559: $? = 0
configure:4562: test -s conftest.o
configure:4565: $? = 0
configure:4578: result: yes
configure:4584: checking whether g++ accepts -g
configure:4605: g++ -c -g  conftest.cc >&5
configure:4611: $? = 0
configure:4614: test -z 			 || test ! -s conftest.err
configure:4617: $? = 0
configure:4620: test -s conftest.o
configure:4623: $? = 0
configure:4634: result: yes
configure:4676: g++ -c -O2 -g -pipe -Wall -Wp,-D_FORTIFY_SOURCE=2 -fexceptions -fstack-protector --param=ssp-buffer-size=4 -m32 -march=i386 -mtune=generic -fasynchronous-unwind-tables  conftest.cc >&5
configure:4682: $? = 0
configure:4685: test -z 			 || test ! -s conftest.err
configure:4688: $? = 0
configure:4691: test -s conftest.o
configure:4694: $? = 0
configure:4720: g++ -c -O2 -g -pipe -Wall -Wp,-D_FORTIFY_SOURCE=2 -fexceptions -fstack-protector --param=ssp-buffer-size=4 -m32 -march=i386 -mtune=generic -fasynchronous-unwind-tables  conftest.cc >&5
conftest.cc: In function 'int main()':
conftest.cc:24: error: 'exit' was not declared in this scope
configure:4726: $? = 1
configure: failed program was:
| /* confdefs.h.  */
| 
| #define PACKAGE_NAME "libtomoe-gtk"
| #define PACKAGE_TARNAME "libtomoe-gtk"
| #define PACKAGE_VERSION "0.1.0"
| #define PACKAGE_STRING "libtomoe-gtk 0.1.0"
| #define PACKAGE_BUGREPORT "daih@users.sourceforge.jp"
| #define STDC_HEADERS 1
| #define HAVE_SYS_TYPES_H 1
| #define HAVE_SYS_STAT_H 1
| #define HAVE_STDLIB_H 1
| #define HAVE_STRING_H 1
| #define HAVE_MEMORY_H 1
| #define HAVE_STRINGS_H 1
| #define HAVE_INTTYPES_H 1
| #define HAVE_STDINT_H 1
| #define HAVE_UNISTD_H 1
| #define HAVE_DLFCN_H 1
| /* end confdefs.h.  */
| 
| int
| main ()
| {
| exit (42);
|   ;
|   return 0;
| }
configure:4676: g++ -c -O2 -g -pipe -Wall -Wp,-D_FORTIFY_SOURCE=2 -fexceptions -fstack-protector --param=ssp-buffer-size=4 -m32 -march=i386 -mtune=generic -fasynchronous-unwind-tables  conftest.cc >&5
configure:4682: $? = 0
configure:4685: test -z 			 || test ! -s conftest.err
configure:4688: $? = 0
configure:4691: test -s conftest.o
configure:4694: $? = 0
configure:4720: g++ -c -O2 -g -pipe -Wall -Wp,-D_FORTIFY_SOURCE=2 -fexceptions -fstack-protector --param=ssp-buffer-size=4 -m32 -march=i386 -mtune=generic -fasynchronous-unwind-tables  conftest.cc >&5
configure:4726: $? = 0
configure:4729: test -z 			 || test ! -s conftest.err
configure:4732: $? = 0
configure:4735: test -s conftest.o
configure:4738: $? = 0
configure:4763: checking dependency style of g++
configure:4846: result: gcc3
configure:4873: checking how to run the C++ preprocessor
configure:4904: g++ -E  conftest.cc
configure:4910: $? = 0
configure:4942: g++ -E  conftest.cc
conftest.cc:23:28: error: ac_nonexistent.h: No such file or directory
configure:4948: $? = 1
configure: failed program was:
| /* confdefs.h.  */
| 
| #define PACKAGE_NAME "libtomoe-gtk"
| #define PACKAGE_TARNAME "libtomoe-gtk"
| #define PACKAGE_VERSION "0.1.0"
| #define PACKAGE_STRING "libtomoe-gtk 0.1.0"
| #define PACKAGE_BUGREPORT "daih@users.sourceforge.jp"
| #define STDC_HEADERS 1
| #define HAVE_SYS_TYPES_H 1
| #define HAVE_SYS_STAT_H 1
| #define HAVE_STDLIB_H 1
| #define HAVE_STRING_H 1
| #define HAVE_MEMORY_H 1
| #define HAVE_STRINGS_H 1
| #define HAVE_INTTYPES_H 1
| #define HAVE_STDINT_H 1
| #define HAVE_UNISTD_H 1
| #define HAVE_DLFCN_H 1
| #ifdef __cplusplus
| extern "C" void std::exit (int) throw (); using std::exit;
| #endif
| /* end confdefs.h.  */
| #include <ac_nonexistent.h>
configure:4987: result: g++ -E
configure:5011: g++ -E  conftest.cc
configure:5017: $? = 0
configure:5049: g++ -E  conftest.cc
conftest.cc:23:28: error: ac_nonexistent.h: No such file or directory
configure:5055: $? = 1
configure: failed program was:
| /* confdefs.h.  */
| 
| #define PACKAGE_NAME "libtomoe-gtk"
| #define PACKAGE_TARNAME "libtomoe-gtk"
| #define PACKAGE_VERSION "0.1.0"
| #define PACKAGE_STRING "libtomoe-gtk 0.1.0"
| #define PACKAGE_BUGREPORT "daih@users.sourceforge.jp"
| #define STDC_HEADERS 1
| #define HAVE_SYS_TYPES_H 1
| #define HAVE_SYS_STAT_H 1
| #define HAVE_STDLIB_H 1
| #define HAVE_STRING_H 1
| #define HAVE_MEMORY_H 1
| #define HAVE_STRINGS_H 1
| #define HAVE_INTTYPES_H 1
| #define HAVE_STDINT_H 1
| #define HAVE_UNISTD_H 1
| #define HAVE_DLFCN_H 1
| #ifdef __cplusplus
| extern "C" void std::exit (int) throw (); using std::exit;
| #endif
| /* end confdefs.h.  */
| #include <ac_nonexistent.h>
configure:5110: checking for i686-redhat-linux-gnu-g77
configure:5139: result: no
configure:5110: checking for i686-redhat-linux-gnu-f77
configure:5139: result: no
configure:5110: checking for i686-redhat-linux-gnu-xlf
configure:5139: result: no
configure:5110: checking for i686-redhat-linux-gnu-frt
configure:5139: result: no
configure:5110: checking for i686-redhat-linux-gnu-pgf77
configure:5139: result: no
configure:5110: checking for i686-redhat-linux-gnu-fort77
configure:5139: result: no
configure:5110: checking for i686-redhat-linux-gnu-fl32
configure:5139: result: no
configure:5110: checking for i686-redhat-linux-gnu-af77
configure:5139: result: no
configure:5110: checking for i686-redhat-linux-gnu-f90
configure:5139: result: no
configure:5110: checking for i686-redhat-linux-gnu-xlf90
configure:5139: result: no
configure:5110: checking for i686-redhat-linux-gnu-pgf90
configure:5139: result: no
configure:5110: checking for i686-redhat-linux-gnu-epcf90
configure:5139: result: no
configure:5110: checking for i686-redhat-linux-gnu-f95
configure:5139: result: no
configure:5110: checking for i686-redhat-linux-gnu-fort
configure:5139: result: no
configure:5110: checking for i686-redhat-linux-gnu-xlf95
configure:5139: result: no
configure:5110: checking for i686-redhat-linux-gnu-ifc
configure:5139: result: no
configure:5110: checking for i686-redhat-linux-gnu-efc
configure:5139: result: no
configure:5110: checking for i686-redhat-linux-gnu-pgf95
configure:5139: result: no
configure:5110: checking for i686-redhat-linux-gnu-lf95
configure:5139: result: no
configure:5110: checking for i686-redhat-linux-gnu-gfortran
configure:5139: result: no
configure:5152: checking for g77
configure:5181: result: no
configure:5152: checking for f77
configure:5181: result: no
configure:5152: checking for xlf
configure:5181: result: no
configure:5152: checking for frt
configure:5181: result: no
configure:5152: checking for pgf77
configure:5181: result: no
configure:5152: checking for fort77
configure:5181: result: no
configure:5152: checking for fl32
configure:5181: result: no
configure:5152: checking for af77
configure:5181: result: no
configure:5152: checking for f90
configure:5181: result: no
configure:5152: checking for xlf90
configure:5181: result: no
configure:5152: checking for pgf90
configure:5181: result: no
configure:5152: checking for epcf90
configure:5181: result: no
configure:5152: checking for f95
configure:5168: found /usr/bin/f95
configure:5178: result: f95
configure:5193: checking for Fortran 77 compiler version
configure:5196: f95 --version </dev/null >&5
GNU Fortran 95 (GCC) 4.1.1 20060525 (Red Hat 4.1.1-1)
Copyright (C) 2006 Free Software Foundation, Inc.

GNU Fortran comes with NO WARRANTY, to the extent permitted by law.
You may redistribute copies of GNU Fortran
under the terms of the GNU General Public License.
For more information about these matters, see the file named COPYING

configure:5199: $? = 0
configure:5201: f95 -v </dev/null >&5
Using built-in specs.
Target: i386-redhat-linux
Configured with: ../configure --prefix=/usr --mandir=/usr/share/man --infodir=/usr/share/info --enable-shared --enable-threads=posix --enable-checking=release --with-system-zlib --enable-__cxa_atexit --disable-libunwind-exceptions --enable-libgcj-multifile --enable-languages=c,c++,objc,obj-c++,java,fortran,ada --enable-java-awt=gtk --disable-dssi --with-java-home=/usr/lib/jvm/java-1.4.2-gcj-1.4.2.0/jre --with-cpu=generic --host=i386-redhat-linux
Thread model: posix
gcc version 4.1.1 20060525 (Red Hat 4.1.1-1)
configure:5204: $? = 0
configure:5206: f95 -V </dev/null >&5
f95: '-V' option must have argument
configure:5209: $? = 1
configure:5217: checking whether we are using the GNU Fortran 77 compiler
configure:5231: f95 -c -O2 -g -pipe -Wall -Wp,-D_FORTIFY_SOURCE=2 -fexceptions -fstack-protector --param=ssp-buffer-size=4 -m32 -march=i386 -mtune=generic -fasynchronous-unwind-tables conftest.F >&5
configure:5237: $? = 0
configure:5240: test -z 			 || test ! -s conftest.err
configure:5243: $? = 0
configure:5246: test -s conftest.o
configure:5249: $? = 0
configure:5262: result: yes
configure:5268: checking whether f95 accepts -g
configure:5280: f95 -c -g conftest.f >&5
configure:5286: $? = 0
configure:5289: test -z 			 || test ! -s conftest.err
configure:5292: $? = 0
configure:5295: test -s conftest.o
configure:5298: $? = 0
configure:5310: result: yes
configure:5340: checking the maximum length of command line arguments
configure:5432: result: 32768
configure:5443: checking command to parse nm output from gcc object
configure:5539: gcc -c -O2 -g -pipe -Wall -Wp,-D_FORTIFY_SOURCE=2 -fexceptions -fstack-protector --param=ssp-buffer-size=4 -m32 -march=i386 -mtune=generic -fasynchronous-unwind-tables  conftest.c >&5
configure:5542: $? = 0
configure:5546: nm conftest.o \| sed -n -e 's/^.*[ 	]\([ABCDGIRSTW][ABCDGIRSTW]*\)[ 	][ 	]*\([_A-Za-z][_A-Za-z0-9]*\)$/\1 \2 \2/p' \> conftest.nm
configure:5549: $? = 0
configure:5601: gcc -o conftest -O2 -g -pipe -Wall -Wp,-D_FORTIFY_SOURCE=2 -fexceptions -fstack-protector --param=ssp-buffer-size=4 -m32 -march=i386 -mtune=generic -fasynchronous-unwind-tables   conftest.c conftstm.o >&5
configure:5604: $? = 0
configure:5642: result: ok
configure:5646: checking for objdir
configure:5661: result: .libs
configure:5713: checking for i686-redhat-linux-gnu-ar
configure:5742: result: no
configure:5751: checking for ar
configure:5767: found /usr/bin/ar
configure:5778: result: ar
configure:5793: checking for i686-redhat-linux-gnu-ranlib
configure:5822: result: no
configure:5831: checking for ranlib
configure:5847: found /usr/bin/ranlib
configure:5858: result: ranlib
configure:5873: checking for i686-redhat-linux-gnu-strip
configure:5902: result: no
configure:5911: checking for strip
configure:5927: found /usr/bin/strip
configure:5938: result: strip
configure:6225: checking if gcc static flag  works
configure:6253: result: yes
configure:6271: checking if gcc supports -fno-rtti -fno-exceptions
configure:6289: gcc -c -O2 -g -pipe -Wall -Wp,-D_FORTIFY_SOURCE=2 -fexceptions -fstack-protector --param=ssp-buffer-size=4 -m32 -march=i386 -mtune=generic -fasynchronous-unwind-tables  -fno-rtti -fno-exceptions conftest.c >&5
cc1: warning: command line option "-fno-rtti" is valid for C++/ObjC++ but not for C
configure:6293: $? = 0
configure:6306: result: no
configure:6321: checking for gcc option to produce PIC
configure:6525: result: -fPIC
configure:6533: checking if gcc PIC flag -fPIC works
configure:6551: gcc -c -O2 -g -pipe -Wall -Wp,-D_FORTIFY_SOURCE=2 -fexceptions -fstack-protector --param=ssp-buffer-size=4 -m32 -march=i386 -mtune=generic -fasynchronous-unwind-tables  -fPIC -DPIC conftest.c >&5
configure:6555: $? = 0
configure:6568: result: yes
configure:6592: checking if gcc supports -c -o file.o
configure:6613: gcc -c -O2 -g -pipe -Wall -Wp,-D_FORTIFY_SOURCE=2 -fexceptions -fstack-protector --param=ssp-buffer-size=4 -m32 -march=i386 -mtune=generic -fasynchronous-unwind-tables  -o out/conftest2.o conftest.c >&5
configure:6617: $? = 0
configure:6639: result: yes
configure:6665: checking whether the gcc linker (/usr/bin/ld) supports shared libraries
configure:7560: result: yes
configure:7586: checking whether -lc should be explicitly linked in
configure:7591: gcc -c -O2 -g -pipe -Wall -Wp,-D_FORTIFY_SOURCE=2 -fexceptions -fstack-protector --param=ssp-buffer-size=4 -m32 -march=i386 -mtune=generic -fasynchronous-unwind-tables  conftest.c >&5
configure:7594: $? = 0
configure:7608: gcc -shared conftest.o  -v -Wl,-soname -Wl,conftest -o conftest 2\>\&1 \| grep  -lc  \>/dev/null 2\>\&1
configure:7611: $? = 0
configure:7623: result: no
configure:7631: checking dynamic linker characteristics
configure:8197: result: GNU/Linux ld.so
configure:8201: checking how to hardcode library paths into programs
configure:8226: result: immediate
configure:8240: checking whether stripping libraries is possible
configure:8245: result: yes
configure:9068: checking if libtool supports shared libraries
configure:9070: result: yes
configure:9073: checking whether to build shared libraries
configure:9094: result: yes
configure:9097: checking whether to build static libraries
configure:9101: result: no
configure:9193: creating libtool
configure:9771: checking for ld used by g++
configure:9838: result: /usr/bin/ld
configure:9847: checking if the linker (/usr/bin/ld) is GNU ld
configure:9862: result: yes
configure:9913: checking whether the g++ linker (/usr/bin/ld) supports shared libraries
configure:10791: result: yes
configure:10809: g++ -c -O2 -g -pipe -Wall -Wp,-D_FORTIFY_SOURCE=2 -fexceptions -fstack-protector --param=ssp-buffer-size=4 -m32 -march=i386 -mtune=generic -fasynchronous-unwind-tables  conftest.cpp >&5
configure:10812: $? = 0
configure:10922: checking for g++ option to produce PIC
configure:11190: result: -fPIC
configure:11198: checking if g++ PIC flag -fPIC works
configure:11216: g++ -c -O2 -g -pipe -Wall -Wp,-D_FORTIFY_SOURCE=2 -fexceptions -fstack-protector --param=ssp-buffer-size=4 -m32 -march=i386 -mtune=generic -fasynchronous-unwind-tables  -fPIC -DPIC conftest.cpp >&5
configure:11220: $? = 0
configure:11233: result: yes
configure:11257: checking if g++ supports -c -o file.o
configure:11278: g++ -c -O2 -g -pipe -Wall -Wp,-D_FORTIFY_SOURCE=2 -fexceptions -fstack-protector --param=ssp-buffer-size=4 -m32 -march=i386 -mtune=generic -fasynchronous-unwind-tables  -o out/conftest2.o conftest.cpp >&5
configure:11282: $? = 0
configure:11304: result: yes
configure:11330: checking whether the g++ linker (/usr/bin/ld) supports shared libraries
configure:11358: result: yes
configure:11429: checking dynamic linker characteristics
configure:11995: result: GNU/Linux ld.so
configure:11999: checking how to hardcode library paths into programs
configure:12024: result: immediate
configure:12038: checking whether stripping libraries is possible
configure:12043: result: yes
configure:13372: checking if libtool supports shared libraries
configure:13374: result: yes
configure:13377: checking whether to build shared libraries
configure:13397: result: yes
configure:13400: checking whether to build static libraries
configure:13404: result: no
configure:13416: checking for f95 option to produce PIC
configure:13620: result: -fPIC
configure:13628: checking if f95 PIC flag -fPIC works
configure:13646: f95 -c -O2 -g -pipe -Wall -Wp,-D_FORTIFY_SOURCE=2 -fexceptions -fstack-protector --param=ssp-buffer-size=4 -m32 -march=i386 -mtune=generic -fasynchronous-unwind-tables -fPIC conftest.f >&5
configure:13650: $? = 0
configure:13663: result: yes
configure:13687: checking if f95 supports -c -o file.o
configure:13708: f95 -c -O2 -g -pipe -Wall -Wp,-D_FORTIFY_SOURCE=2 -fexceptions -fstack-protector --param=ssp-buffer-size=4 -m32 -march=i386 -mtune=generic -fasynchronous-unwind-tables -o out/conftest2.o conftest.f >&5
configure:13712: $? = 0
configure:13734: result: yes
configure:13760: checking whether the f95 linker (/usr/bin/ld) supports shared libraries
configure:14635: result: yes
configure:14706: checking dynamic linker characteristics
configure:15272: result: GNU/Linux ld.so
configure:15276: checking how to hardcode library paths into programs
configure:15301: result: immediate
configure:15315: checking whether stripping libraries is possible
configure:15320: result: yes
configure:19589: checking for i686-redhat-linux-gnu-gcc
configure:19615: result: gcc
configure:19897: checking for C compiler version
configure:19900: gcc --version </dev/null >&5
gcc (GCC) 4.1.1 20060525 (Red Hat 4.1.1-1)
Copyright (C) 2006 Free Software Foundation, Inc.
This is free software; see the source for copying conditions.  There is NO
warranty; not even for MERCHANTABILITY or FITNESS FOR A PARTICULAR PURPOSE.

configure:19903: $? = 0
configure:19905: gcc -v </dev/null >&5
Using built-in specs.
Target: i386-redhat-linux
Configured with: ../configure --prefix=/usr --mandir=/usr/share/man --infodir=/usr/share/info --enable-shared --enable-threads=posix --enable-checking=release --with-system-zlib --enable-__cxa_atexit --disable-libunwind-exceptions --enable-libgcj-multifile --enable-languages=c,c++,objc,obj-c++,java,fortran,ada --enable-java-awt=gtk --disable-dssi --with-java-home=/usr/lib/jvm/java-1.4.2-gcj-1.4.2.0/jre --with-cpu=generic --host=i386-redhat-linux
Thread model: posix
gcc version 4.1.1 20060525 (Red Hat 4.1.1-1)
configure:19908: $? = 0
configure:19910: gcc -V </dev/null >&5
gcc: '-V' option must have argument
configure:19913: $? = 1
configure:19916: checking whether we are using the GNU C compiler
configure:19971: result: yes
configure:19977: checking whether gcc accepts -g
configure:20027: result: yes
configure:20044: checking for gcc option to accept ANSI C
configure:20150: result: none needed
configure:20168: gcc -c -O2 -g -pipe -Wall -Wp,-D_FORTIFY_SOURCE=2 -fexceptions -fstack-protector --param=ssp-buffer-size=4 -m32 -march=i386 -mtune=generic -fasynchronous-unwind-tables  conftest.c >&5
conftest.c:2: error: expected '=', ',', ';', 'asm' or '__attribute__' before 'me'
configure:20174: $? = 1
configure: failed program was:
| #ifndef __cplusplus
|   choke me
| #endif
configure:20306: checking dependency style of gcc
configure:20389: result: gcc3
configure:20414: checking for i686-redhat-linux-gnu-pkg-config
configure:20447: result: no
configure:20456: checking for pkg-config
configure:20474: found /usr/bin/pkg-config
configure:20486: result: /usr/bin/pkg-config
configure:20501: checking pkg-config is at least version 0.9.0
configure:20504: result: yes
configure:20515: checking for GTK2
configure:20523: $PKG_CONFIG --exists --print-errors "gtk+-2.0 >= 2.4.0"
configure:20526: $? = 0
configure:20541: $PKG_CONFIG --exists --print-errors "gtk+-2.0 >= 2.4.0"
configure:20544: $? = 0
configure:20620: result: yes
configure:20629: checking for TOMOE
configure:20637: $PKG_CONFIG --exists --print-errors "tomoe >= 0.2.0"
configure:20640: $? = 0
configure:20655: $PKG_CONFIG --exists --print-errors "tomoe >= 0.2.0"
configure:20658: $? = 0
configure:20734: result: yes
configure:20765: checking locale.h usability
configure:20777: gcc -c -O2 -g -pipe -Wall -Wp,-D_FORTIFY_SOURCE=2 -fexceptions -fstack-protector --param=ssp-buffer-size=4 -m32 -march=i386 -mtune=generic -fasynchronous-unwind-tables  conftest.c >&5
configure:20783: $? = 0
configure:20786: test -z 			 || test ! -s conftest.err
configure:20789: $? = 0
configure:20792: test -s conftest.o
configure:20795: $? = 0
configure:20805: result: yes
configure:20809: checking locale.h presence
configure:20819: gcc -E  conftest.c
configure:20825: $? = 0
configure:20845: result: yes
configure:20880: checking for locale.h
configure:20887: result: yes
configure:20901: checking for LC_MESSAGES
configure:20922: gcc -o conftest -O2 -g -pipe -Wall -Wp,-D_FORTIFY_SOURCE=2 -fexceptions -fstack-protector --param=ssp-buffer-size=4 -m32 -march=i386 -mtune=generic -fasynchronous-unwind-tables   conftest.c  >&5
configure:20928: $? = 0
configure:20931: test -z 			 || test ! -s conftest.err
configure:20934: $? = 0
configure:20937: test -s conftest
configure:20940: $? = 0
configure:20952: result: yes
configure:20981: checking libintl.h usability
configure:20993: gcc -c -O2 -g -pipe -Wall -Wp,-D_FORTIFY_SOURCE=2 -fexceptions -fstack-protector --param=ssp-buffer-size=4 -m32 -march=i386 -mtune=generic -fasynchronous-unwind-tables  conftest.c >&5
configure:20999: $? = 0
configure:21002: test -z 			 || test ! -s conftest.err
configure:21005: $? = 0
configure:21008: test -s conftest.o
configure:21011: $? = 0
configure:21021: result: yes
configure:21025: checking libintl.h presence
configure:21035: gcc -E  conftest.c
configure:21041: $? = 0
configure:21061: result: yes
configure:21096: checking for libintl.h
configure:21103: result: yes
configure:21114: checking for ngettext in libc
configure:21137: gcc -o conftest -O2 -g -pipe -Wall -Wp,-D_FORTIFY_SOURCE=2 -fexceptions -fstack-protector --param=ssp-buffer-size=4 -m32 -march=i386 -mtune=generic -fasynchronous-unwind-tables   conftest.c  >&5
configure:21143: $? = 0
configure:21146: test -z 			 || test ! -s conftest.err
configure:21149: $? = 0
configure:21152: test -s conftest
configure:21155: $? = 0
configure:21168: result: yes
configure:21172: checking for dgettext in libc
configure:21195: gcc -o conftest -O2 -g -pipe -Wall -Wp,-D_FORTIFY_SOURCE=2 -fexceptions -fstack-protector --param=ssp-buffer-size=4 -m32 -march=i386 -mtune=generic -fasynchronous-unwind-tables   conftest.c  >&5
configure:21201: $? = 0
configure:21204: test -z 			 || test ! -s conftest.err
configure:21207: $? = 0
configure:21210: test -s conftest
configure:21213: $? = 0
configure:21226: result: yes
configure:21235: checking for bind_textdomain_codeset
configure:21292: gcc -o conftest -O2 -g -pipe -Wall -Wp,-D_FORTIFY_SOURCE=2 -fexceptions -fstack-protector --param=ssp-buffer-size=4 -m32 -march=i386 -mtune=generic -fasynchronous-unwind-tables   conftest.c  >&5
configure:21298: $? = 0
configure:21301: test -z 			 || test ! -s conftest.err
configure:21304: $? = 0
configure:21307: test -s conftest
configure:21310: $? = 0
configure:21322: result: yes
configure:21826: checking for msgfmt
configure:21853: result: /usr/bin/msgfmt
configure:21866: checking for dcgettext
configure:21923: gcc -o conftest -O2 -g -pipe -Wall -Wp,-D_FORTIFY_SOURCE=2 -fexceptions -fstack-protector --param=ssp-buffer-size=4 -m32 -march=i386 -mtune=generic -fasynchronous-unwind-tables   conftest.c   >&5
conftest.c:52: warning: conflicting types for built-in function 'dcgettext'
configure:21929: $? = 0
configure:21932: test -z 			 || test ! -s conftest.err
configure:21935: $? = 0
configure:21938: test -s conftest
configure:21941: $? = 0
configure:21953: result: yes
configure:21965: checking for gmsgfmt
configure:21996: result: /usr/bin/msgfmt
configure:22005: checking for xgettext
configure:22032: result: /usr/bin/xgettext
configure:22056: gcc -o conftest -O2 -g -pipe -Wall -Wp,-D_FORTIFY_SOURCE=2 -fexceptions -fstack-protector --param=ssp-buffer-size=4 -m32 -march=i386 -mtune=generic -fasynchronous-unwind-tables   conftest.c   >&5
configure:22062: $? = 0
configure:22065: test -z 			 || test ! -s conftest.err
configure:22068: $? = 0
configure:22071: test -s conftest
configure:22074: $? = 0
configure:22246: checking for catalogs to be installed
configure:22271: result:  ja
configure:22447: creating ./config.status

## ---------------------- ##
## Running config.status. ##
## ---------------------- ##

This file was extended by libtomoe-gtk config.status 0.1.0, which was
generated by GNU Autoconf 2.59.  Invocation command line was

  CONFIG_FILES    = 
  CONFIG_HEADERS  = 
  CONFIG_LINKS    = 
  CONFIG_COMMANDS = 
  $ ./config.status 

on windcloud.brisbane.redhat.com

config.status:777: creating Makefile
config.status:777: creating po/Makefile.in
config.status:777: creating src/Makefile
config.status:777: creating libtomoe-gtk.pc
config.status:843: creating src/config.h
config.status:1143: executing depfiles commands
config.status:1143: executing default-1 commands

## ---------------- ##
## Cache variables. ##
## ---------------- ##

ac_cv_build=i686-redhat-linux-gnu
ac_cv_build_alias=i686-redhat-linux-gnu
ac_cv_c_compiler_gnu=yes
ac_cv_cxx_compiler_gnu=yes
ac_cv_env_CC_set=
ac_cv_env_CC_value=
ac_cv_env_CFLAGS_set=set
ac_cv_env_CFLAGS_value='-O2 -g -pipe -Wall -Wp,-D_FORTIFY_SOURCE=2 -fexceptions -fstack-protector --param=ssp-buffer-size=4 -m32 -march=i386 -mtune=generic -fasynchronous-unwind-tables'
ac_cv_env_CPPFLAGS_set=
ac_cv_env_CPPFLAGS_value=
ac_cv_env_CPP_set=
ac_cv_env_CPP_value=
ac_cv_env_CXXCPP_set=
ac_cv_env_CXXCPP_value=
ac_cv_env_CXXFLAGS_set=set
ac_cv_env_CXXFLAGS_value='-O2 -g -pipe -Wall -Wp,-D_FORTIFY_SOURCE=2 -fexceptions -fstack-protector --param=ssp-buffer-size=4 -m32 -march=i386 -mtune=generic -fasynchronous-unwind-tables'
ac_cv_env_CXX_set=
ac_cv_env_CXX_value=
ac_cv_env_F77_set=
ac_cv_env_F77_value=
ac_cv_env_FFLAGS_set=set
ac_cv_env_FFLAGS_value='-O2 -g -pipe -Wall -Wp,-D_FORTIFY_SOURCE=2 -fexceptions -fstack-protector --param=ssp-buffer-size=4 -m32 -march=i386 -mtune=generic -fasynchronous-unwind-tables'
ac_cv_env_GTK2_CFLAGS_set=
ac_cv_env_GTK2_CFLAGS_value=
ac_cv_env_GTK2_LIBS_set=
ac_cv_env_GTK2_LIBS_value=
ac_cv_env_LDFLAGS_set=
ac_cv_env_LDFLAGS_value=
ac_cv_env_PKG_CONFIG_set=
ac_cv_env_PKG_CONFIG_value=
ac_cv_env_TOMOE_CFLAGS_set=
ac_cv_env_TOMOE_CFLAGS_value=
ac_cv_env_TOMOE_LIBS_set=
ac_cv_env_TOMOE_LIBS_value=
ac_cv_env_build_alias_set=set
ac_cv_env_build_alias_value=i686-redhat-linux-gnu
ac_cv_env_host_alias_set=set
ac_cv_env_host_alias_value=i686-redhat-linux-gnu
ac_cv_env_target_alias_set=set
ac_cv_env_target_alias_value=i386-redhat-linux-gnu
ac_cv_exeext=
ac_cv_f77_compiler_gnu=yes
ac_cv_func_bind_textdomain_codeset=yes
ac_cv_func_dcgettext=yes
ac_cv_header_dlfcn_h=yes
ac_cv_header_inttypes_h=yes
ac_cv_header_libintl_h=yes
ac_cv_header_locale_h=yes
ac_cv_header_memory_h=yes
ac_cv_header_stdc=yes
ac_cv_header_stdint_h=yes
ac_cv_header_stdlib_h=yes
ac_cv_header_string_h=yes
ac_cv_header_strings_h=yes
ac_cv_header_sys_stat_h=yes
ac_cv_header_sys_types_h=yes
ac_cv_header_unistd_h=yes
ac_cv_host=i686-redhat-linux-gnu
ac_cv_host_alias=i686-redhat-linux-gnu
ac_cv_objext=o
ac_cv_path_GMSGFMT=/usr/bin/msgfmt
ac_cv_path_MSGFMT=/usr/bin/msgfmt
ac_cv_path_XGETTEXT=/usr/bin/xgettext
ac_cv_path_ac_pt_PKG_CONFIG=/usr/bin/pkg-config
ac_cv_path_install='/usr/bin/install -c'
ac_cv_prog_AWK=gawk
ac_cv_prog_CC=gcc
ac_cv_prog_CPP='gcc -E'
ac_cv_prog_CXXCPP='g++ -E'
ac_cv_prog_ac_ct_AR=ar
ac_cv_prog_ac_ct_CC=gcc
ac_cv_prog_ac_ct_CXX=g++
ac_cv_prog_ac_ct_F77=f95
ac_cv_prog_ac_ct_RANLIB=ranlib
ac_cv_prog_ac_ct_STRIP=strip
ac_cv_prog_cc_g=yes
ac_cv_prog_cc_stdc=
ac_cv_prog_cxx_g=yes
ac_cv_prog_egrep='grep -E'
ac_cv_prog_f77_g=yes
ac_cv_prog_make_make_set=yes
am_cv_CC_dependencies_compiler_type=gcc3
am_cv_CXX_dependencies_compiler_type=gcc3
am_cv_val_LC_MESSAGES=yes
gt_cv_func_dgettext_libc=yes
gt_cv_func_dgettext_libintl=no
gt_cv_func_ngettext_libc=yes
gt_cv_have_gettext=yes
lt_cv_deplibs_check_method=pass_all
lt_cv_file_magic_cmd='$MAGIC_CMD'
lt_cv_file_magic_test_file=
lt_cv_ld_reload_flag=-r
lt_cv_objdir=.libs
lt_cv_path_LD=/usr/bin/ld
lt_cv_path_LDCXX=/usr/bin/ld
lt_cv_path_NM=nm
lt_cv_path_SED=/bin/sed
lt_cv_prog_compiler_c_o=yes
lt_cv_prog_compiler_c_o_CXX=yes
lt_cv_prog_compiler_c_o_F77=yes
lt_cv_prog_compiler_rtti_exceptions=no
lt_cv_prog_gnu_ld=yes
lt_cv_prog_gnu_ldcxx=yes
lt_cv_sys_global_symbol_pipe='sed -n -e '\''s/^.*[ 	]\([ABCDGIRSTW][ABCDGIRSTW]*\)[ 	][ 	]*\([_A-Za-z][_A-Za-z0-9]*\)$/\1 \2 \2/p'\'''
lt_cv_sys_global_symbol_to_c_name_address='sed -n -e '\''s/^: \([^ ]*\) $/  {\"\1\", (lt_ptr) 0},/p'\'' -e '\''s/^[BCDEGRST] \([^ ]*\) \([^ ]*\)$/  {"\2", (lt_ptr) \&\2},/p'\'''
lt_cv_sys_global_symbol_to_cdecl='sed -n -e '\''s/^. .* \(.*\)$/extern int \1;/p'\'''
lt_cv_sys_max_cmd_len=32768
lt_lt_cv_prog_compiler_c_o='"yes"'
lt_lt_cv_prog_compiler_c_o_CXX='"yes"'
lt_lt_cv_prog_compiler_c_o_F77='"yes"'
lt_lt_cv_sys_global_symbol_pipe='"sed -n -e '\''s/^.*[ 	]\\([ABCDGIRSTW][ABCDGIRSTW]*\\)[ 	][ 	]*\\([_A-Za-z][_A-Za-z0-9]*\\)\$/\\1 \\2 \\2/p'\''"'
lt_lt_cv_sys_global_symbol_to_c_name_address='"sed -n -e '\''s/^: \\([^ ]*\\) \$/  {\\\"\\1\\\", (lt_ptr) 0},/p'\'' -e '\''s/^[BCDEGRST] \\([^ ]*\\) \\([^ ]*\\)\$/  {\"\\2\", (lt_ptr) \\&\\2},/p'\''"'
lt_lt_cv_sys_global_symbol_to_cdecl='"sed -n -e '\''s/^. .* \\(.*\\)\$/extern int \\1;/p'\''"'
pkg_cv_GTK2_CFLAGS='-I/usr/include/gtk-2.0 -I/usr/lib/gtk-2.0/include -I/usr/include/atk-1.0 -I/usr/include/cairo -I/usr/include/pango-1.0 -I/usr/include/glib-2.0 -I/usr/lib/glib-2.0/include  '
pkg_cv_GTK2_LIBS='-lgtk-x11-2.0 -lgdk-x11-2.0 -latk-1.0 -lgdk_pixbuf-2.0 -lm -lpangocairo-1.0 -lpango-1.0 -lcairo -lgobject-2.0 -lgmodule-2.0 -ldl -lglib-2.0  '
pkg_cv_TOMOE_CFLAGS='-I/usr/include/tomoe  '
pkg_cv_TOMOE_LIBS='-ltomoe  '

## ----------------- ##
## Output variables. ##
## ----------------- ##

ACLOCAL='${SHELL} /home/kelvin/rpm/BUILD/libtomoe-gtk-0.1.0/missing --run aclocal-1.7'
AMDEPBACKSLASH='\'
AMDEP_FALSE='#'
AMDEP_TRUE=''
AMTAR='${SHELL} /home/kelvin/rpm/BUILD/libtomoe-gtk-0.1.0/missing --run tar'
AR='ar'
AUTOCONF='${SHELL} /home/kelvin/rpm/BUILD/libtomoe-gtk-0.1.0/missing --run autoconf'
AUTOHEADER='${SHELL} /home/kelvin/rpm/BUILD/libtomoe-gtk-0.1.0/missing --run autoheader'
AUTOMAKE='${SHELL} /home/kelvin/rpm/BUILD/libtomoe-gtk-0.1.0/missing --run automake-1.7'
AWK='gawk'
CATALOGS=' ja.gmo'
CATOBJEXT='.gmo'
CC='gcc'
CCDEPMODE='depmode=gcc3'
CFLAGS='-O2 -g -pipe -Wall -Wp,-D_FORTIFY_SOURCE=2 -fexceptions -fstack-protector --param=ssp-buffer-size=4 -m32 -march=i386 -mtune=generic -fasynchronous-unwind-tables'
CPP='gcc -E'
CPPFLAGS=''
CXX='g++'
CXXCPP='g++ -E'
CXXDEPMODE='depmode=gcc3'
CXXFLAGS='-O2 -g -pipe -Wall -Wp,-D_FORTIFY_SOURCE=2 -fexceptions -fstack-protector --param=ssp-buffer-size=4 -m32 -march=i386 -mtune=generic -fasynchronous-unwind-tables'
CYGPATH_W='echo'
DATADIRNAME='share'
DEFS='-DHAVE_CONFIG_H'
DEPDIR='.deps'
ECHO='echo'
ECHO_C=''
ECHO_N='-n'
ECHO_T=''
EGREP='grep -E'
EXEEXT=''
F77='f95'
FFLAGS='-O2 -g -pipe -Wall -Wp,-D_FORTIFY_SOURCE=2 -fexceptions -fstack-protector --param=ssp-buffer-size=4 -m32 -march=i386 -mtune=generic -fasynchronous-unwind-tables'
GETTEXT_PACKAGE='libtomoe-gtk'
GMOFILES=' ja.gmo'
GMSGFMT='/usr/bin/msgfmt'
GTK2_CFLAGS='-I/usr/include/gtk-2.0 -I/usr/lib/gtk-2.0/include -I/usr/include/atk-1.0 -I/usr/include/cairo -I/usr/include/pango-1.0 -I/usr/include/glib-2.0 -I/usr/lib/glib-2.0/include  '
GTK2_LIBS='-lgtk-x11-2.0 -lgdk-x11-2.0 -latk-1.0 -lgdk_pixbuf-2.0 -lm -lpangocairo-1.0 -lpango-1.0 -lcairo -lgobject-2.0 -lgmodule-2.0 -ldl -lglib-2.0  '
INSTALL_DATA='${INSTALL} -m 644'
INSTALL_PROGRAM='${INSTALL}'
INSTALL_SCRIPT='${INSTALL}'
INSTALL_STRIP_PROGRAM='${SHELL} $(install_sh) -c -s'
INSTOBJEXT='.mo'
INTLLIBS=''
LDFLAGS=''
LIBOBJS=''
LIBS=''
LIBTOOL='$(SHELL) $(top_builddir)/libtool'
LN_S='ln -s'
LTLIBOBJS=''
MAKEINFO='${SHELL} /home/kelvin/rpm/BUILD/libtomoe-gtk-0.1.0/missing --run makeinfo'
MKINSTALLDIRS='./mkinstalldirs'
MSGFMT='/usr/bin/msgfmt'
OBJEXT='o'
PACKAGE='libtomoe-gtk'
PACKAGE_BUGREPORT='daih@users.sourceforge.jp'
PACKAGE_NAME='libtomoe-gtk'
PACKAGE_STRING='libtomoe-gtk 0.1.0'
PACKAGE_TARNAME='libtomoe-gtk'
PACKAGE_VERSION='0.1.0'
PATH_SEPARATOR=':'
PKG_CONFIG='/usr/bin/pkg-config'
POFILES=' ja.po'
POSUB='po'
PO_IN_DATADIR_FALSE=''
PO_IN_DATADIR_TRUE=''
RANLIB='ranlib'
SET_MAKE=''
SHELL='/bin/sh'
STRIP='strip'
TOMOE_CFLAGS='-I/usr/include/tomoe  '
TOMOE_LIBS='-ltomoe  '
USE_NLS='yes'
VERSION='0.1.0'
XGETTEXT='/usr/bin/xgettext'
ac_ct_AR='ar'
ac_ct_CC='gcc'
ac_ct_CXX='g++'
ac_ct_F77='f95'
ac_ct_RANLIB='ranlib'
ac_ct_STRIP='strip'
ac_pt_PKG_CONFIG='/usr/bin/pkg-config'
am__fastdepCC_FALSE='#'
am__fastdepCC_TRUE=''
am__fastdepCXX_FALSE='#'
am__fastdepCXX_TRUE=''
am__include='include'
am__leading_dot='.'
am__quote=''
bindir='/usr/bin'
build='i686-redhat-linux-gnu'
build_alias='i686-redhat-linux-gnu'
build_cpu='i686'
build_os='linux-gnu'
build_vendor='redhat'
datadir='/usr/share'
exec_prefix='/usr'
host='i686-redhat-linux-gnu'
host_alias='i686-redhat-linux-gnu'
host_cpu='i686'
host_os='linux-gnu'
host_vendor='redhat'
includedir='/usr/include'
infodir='/usr/share/info'
install_sh='/home/kelvin/rpm/BUILD/libtomoe-gtk-0.1.0/install-sh'
libdir='/usr/lib'
libexecdir='/usr/libexec'
localstatedir='/var'
mandir='/usr/share/man'
oldincludedir='/usr/include'
prefix='/usr'
program_transform_name='s,^,,'
sbindir='/usr/sbin'
sharedstatedir='/usr/com'
sysconfdir='/etc'
target_alias='i386-redhat-linux-gnu'

## ----------- ##
## confdefs.h. ##
## ----------- ##

#define ENABLE_NLS 1
#define GETTEXT_PACKAGE "libtomoe-gtk"
#define HAVE_BIND_TEXTDOMAIN_CODESET 1
#define HAVE_DCGETTEXT 1
#define HAVE_DLFCN_H 1
#define HAVE_GETTEXT 1
#define HAVE_INTTYPES_H 1
#define HAVE_LC_MESSAGES 1
#define HAVE_LOCALE_H 1
#define HAVE_MEMORY_H 1
#define HAVE_STDINT_H 1
#define HAVE_STDLIB_H 1
#define HAVE_STRINGS_H 1
#define HAVE_STRING_H 1
#define HAVE_SYS_STAT_H 1
#define HAVE_SYS_TYPES_H 1
#define HAVE_UNISTD_H 1
#define LIBTOMOE_GTK_LOCALEDIR "/usr/share/locale"
#define PACKAGE_BUGREPORT "daih@users.sourceforge.jp"
#define PACKAGE_NAME "libtomoe-gtk"
#define PACKAGE_STRING "libtomoe-gtk 0.1.0"
#define PACKAGE_TARNAME "libtomoe-gtk"
#define PACKAGE_VERSION "0.1.0"
#define STDC_HEADERS 1
#endif
#ifdef __cplusplus
extern "C" void std::exit (int) throw (); using std::exit;

configure: exit 0
